<?xml version="1.0" encoding="UTF-8"?>
<!-- Generated by org.testng.reporters.JUnitReportReporter -->
<testsuite hostname="VERITY-98" failures="0" tests="1" name="test.Prueba" time="8.482" errors="0" timestamp="01 abr. 2021 13:16:11 GMT" skipped="0">
  <testcase classname="test.Prueba" name="Script_0055" time="8.482"/>
</testsuite> <!-- test.Prueba -->
