<?xml version="1.0" encoding="UTF-8"?>
<!-- Generated by org.testng.reporters.JUnitReportReporter -->
<testsuite hostname="VERITY-98" failures="0" tests="1" name="test.Tests_NotaDebitoInafectaGratuita" time="127.691" errors="0" timestamp="11 mar. 2021 17:46:57 GMT" skipped="0">
  <testcase classname="test.Tests_NotaDebitoInafectaGratuita" name="Script_0082" time="127.691"/>
</testsuite> <!-- test.Tests_NotaDebitoInafectaGratuita -->
