<?xml version="1.0" encoding="UTF-8"?>
<!-- Generated by org.testng.reporters.JUnitReportReporter -->
<testsuite hostname="VERITY-98" failures="0" tests="1" name="test.Tests_FacturaInafectaGratuita" time="126.242" errors="0" timestamp="10 mar. 2021 15:47:50 GMT" skipped="0">
  <testcase classname="test.Tests_FacturaInafectaGratuita" name="Script_0033" time="126.242"/>
</testsuite> <!-- test.Tests_FacturaInafectaGratuita -->
