<?xml version="1.0" encoding="UTF-8"?>
<!-- Generated by org.testng.reporters.JUnitReportReporter -->
<testsuite hostname="VERITY-98" failures="0" tests="1" name="test.Tests_FacturaExonerada" time="118.626" errors="0" timestamp="10 mar. 2021 16:01:07 GMT" skipped="0">
  <testcase classname="test.Tests_FacturaExonerada" name="Script_0041" time="118.626"/>
</testsuite> <!-- test.Tests_FacturaExonerada -->
