<?xml version="1.0" encoding="UTF-8"?>
<!-- Generated by org.testng.reporters.JUnitReportReporter -->
<testsuite hostname="VERITY-98" failures="0" tests="9" name="test.Tests_FacturaExportacionGratuita" time="1001.601" errors="0" timestamp="05 mar. 2021 12:21:47 GMT" skipped="0">
  <testcase classname="test.Tests_FacturaExportacionGratuita" name="Script_0002" time="89.678"/>
  <testcase classname="test.Tests_FacturaExportacionGratuita" name="Script_0005" time="90.829"/>
  <testcase classname="test.Tests_FacturaExportacionGratuita" name="Script_0003" time="177.203"/>
  <testcase classname="test.Tests_FacturaExportacionGratuita" name="Script_0009" time="88.141"/>
  <testcase classname="test.Tests_FacturaExportacionGratuita" name="Script_0007" time="86.876"/>
  <testcase classname="test.Tests_FacturaExportacionGratuita" name="Script_0006" time="182.489"/>
  <testcase classname="test.Tests_FacturaExportacionGratuita" name="Script_0008" time="88.622"/>
  <testcase classname="test.Tests_FacturaExportacionGratuita" name="Script_0001" time="100.181"/>
  <testcase classname="test.Tests_FacturaExportacionGratuita" name="Script_0004" time="97.582"/>
</testsuite> <!-- test.Tests_FacturaExportacionGratuita -->
