<?xml version="1.0" encoding="UTF-8"?>
<!-- Generated by org.testng.reporters.JUnitReportReporter -->
<testsuite hostname="VERITY-98" failures="0" tests="1" name="test.Tests_FacturaAfectaGratuita" time="99.384" errors="0" timestamp="10 mar. 2021 15:42:00 GMT" skipped="0">
  <testcase classname="test.Tests_FacturaAfectaGratuita" name="Script_0026" time="99.384"/>
</testsuite> <!-- test.Tests_FacturaAfectaGratuita -->
