<?xml version="1.0" encoding="UTF-8"?>
<!-- Generated by org.testng.reporters.JUnitReportReporter -->
<testsuite hostname="VERITY-98" failures="0" tests="6" name="test.Tests_NotaDebitoCargo" time="668.571" errors="0" timestamp="11 mar. 2021 15:34:21 GMT" skipped="0">
  <testcase classname="test.Tests_NotaDebitoCargo" name="Script_0073" time="113.457"/>
  <testcase classname="test.Tests_NotaDebitoCargo" name="Script_0077" time="94.997"/>
  <testcase classname="test.Tests_NotaDebitoCargo" name="Script_0072" time="127.318"/>
  <testcase classname="test.Tests_NotaDebitoCargo" name="Script_0075" time="105.671"/>
  <testcase classname="test.Tests_NotaDebitoCargo" name="Script_0076" time="107.259"/>
  <testcase classname="test.Tests_NotaDebitoCargo" name="Script_0074" time="119.869"/>
</testsuite> <!-- test.Tests_NotaDebitoCargo -->
