<?xml version="1.0" encoding="UTF-8"?>
<!-- Generated by org.testng.reporters.JUnitReportReporter -->
<testsuite hostname="VERITY-98" failures="0" tests="2" name="test.Tests_BoletaExonerada" time="219.246" errors="0" timestamp="10 mar. 2021 15:15:10 GMT" skipped="0">
  <testcase classname="test.Tests_BoletaExonerada" name="Script_0058" time="107.415"/>
  <testcase classname="test.Tests_BoletaExonerada" name="Script_0057" time="111.831"/>
</testsuite> <!-- test.Tests_BoletaExonerada -->
