<?xml version="1.0" encoding="UTF-8"?>
<!-- Generated by org.testng.reporters.JUnitReportReporter -->
<testsuite hostname="VERITY-98" failures="0" tests="1" name="test.Test_NotaDebitoExportacionGratuita" time="50.494" errors="0" timestamp="12 feb. 2021 13:46:30 GMT" skipped="0">
  <testcase classname="test.Test_NotaDebitoExportacionGratuita" name="Script_0011" time="50.494"/>
</testsuite> <!-- test.Test_NotaDebitoExportacionGratuita -->
