<?xml version="1.0" encoding="UTF-8"?>
<!-- Generated by org.testng.reporters.JUnitReportReporter -->
<testsuite hostname="VERITY-98" failures="0" tests="1" name="test.Tests_BoletaAfectaGratuita" time="216.121" errors="0" timestamp="29 mar. 2021 21:34:09 GMT" skipped="0">
  <testcase classname="test.Tests_BoletaAfectaGratuita" name="Script_0055" time="216.121"/>
</testsuite> <!-- test.Tests_BoletaAfectaGratuita -->
