<?xml version="1.0" encoding="UTF-8"?>
<!-- Generated by org.testng.reporters.JUnitReportReporter -->
<testsuite hostname="VERITY-98" failures="0" tests="1" name="test.Tests_NotaCreditoInafectaGratuita" time="150.748" errors="0" timestamp="10 mar. 2021 15:51:08 GMT" skipped="0">
  <testcase classname="test.Tests_NotaCreditoInafectaGratuita" name="Script_0069" time="150.748"/>
</testsuite> <!-- test.Tests_NotaCreditoInafectaGratuita -->
