<?xml version="1.0" encoding="UTF-8"?>
<!-- Generated by org.testng.reporters.JUnitReportReporter -->
<testsuite hostname="VERITY-98" failures="0" tests="1" name="test.Tests_FacturaAfectaInafecta" time="153.288" errors="0" timestamp="09 mar. 2021 15:44:25 GMT" skipped="0">
  <testcase classname="test.Tests_FacturaAfectaInafecta" name="Script_0024" time="153.288"/>
</testsuite> <!-- test.Tests_FacturaAfectaInafecta -->
