<?xml version="1.0" encoding="UTF-8"?>
<!-- Generated by org.testng.reporters.JUnitReportReporter -->
<testsuite hostname="VERITY-98" failures="0" tests="3" name="test.Tests_NotaDebitoAfectaInafecta" time="348.954" errors="0" timestamp="11 mar. 2021 15:41:44 GMT" skipped="0">
  <testcase classname="test.Tests_NotaDebitoAfectaInafecta" name="Script_0080" time="112.725"/>
  <testcase classname="test.Tests_NotaDebitoAfectaInafecta" name="Script_0079" time="114.836"/>
  <testcase classname="test.Tests_NotaDebitoAfectaInafecta" name="Script_0078" time="121.393"/>
</testsuite> <!-- test.Tests_NotaDebitoAfectaInafecta -->
