<?xml version="1.0" encoding="UTF-8"?>
<!-- Generated by org.testng.reporters.JUnitReportReporter -->
<testsuite hostname="VERITY-98" failures="0" tests="1" name="test.Tests_NotaCreditoExonerada" time="95.589" errors="0" timestamp="10 mar. 2021 16:03:05 GMT" skipped="0">
  <testcase classname="test.Tests_NotaCreditoExonerada" name="Script_0070" time="95.589"/>
</testsuite> <!-- test.Tests_NotaCreditoExonerada -->
