<?xml version="1.0" encoding="UTF-8"?>
<!-- Generated by org.testng.reporters.JUnitReportReporter -->
<testsuite hostname="VERITY-98" failures="0" tests="1" name="test.Tests_NotaCreditoAfectaGratuita" time="122.165" errors="0" timestamp="10 mar. 2021 15:44:29 GMT" skipped="0">
  <testcase classname="test.Tests_NotaCreditoAfectaGratuita" name="Script_0068" time="122.165"/>
</testsuite> <!-- test.Tests_NotaCreditoAfectaGratuita -->
