<?xml version="1.0" encoding="UTF-8"?>
<!-- Generated by org.testng.reporters.JUnitReportReporter -->
<testsuite hostname="VERITY-98" failures="0" tests="1" name="test.Test_Prueba" time="31.248" errors="0" timestamp="12 feb. 2021 18:08:16 GMT" skipped="0">
  <testcase classname="test.Test_Prueba" name="Prueba" time="31.248"/>
</testsuite> <!-- test.Test_Prueba -->
