<?xml version="1.0" encoding="UTF-8"?>
<!-- Generated by org.testng.reporters.JUnitReportReporter -->
<testsuite hostname="VERITY-98" failures="0" tests="1" name="test.Tests_BoletaInafectaGratuita" time="116.254" errors="0" timestamp="10 mar. 2021 15:11:01 GMT" skipped="0">
  <testcase classname="test.Tests_BoletaInafectaGratuita" name="Script_0056" time="116.254"/>
</testsuite> <!-- test.Tests_BoletaInafectaGratuita -->
