<?xml version="1.0" encoding="UTF-8"?>
<!-- Generated by org.testng.reporters.JUnitReportReporter -->
<testsuite hostname="VERITY-98" failures="0" tests="1" name="test.Tests_NotaDebitoAfectaGratuita" time="187.613" errors="0" timestamp="11 mar. 2021 15:47:09 GMT" skipped="0">
  <testcase classname="test.Tests_NotaDebitoAfectaGratuita" name="Script_0081" time="187.613"/>
</testsuite> <!-- test.Tests_NotaDebitoAfectaGratuita -->
