<?xml version="1.0" encoding="UTF-8"?>
<!-- Generated by org.testng.reporters.JUnitReportReporter -->
<testsuite hostname="VERITY-98" failures="0" tests="1" name="test.Tests_NotaCreditoAfectaInafecta" time="112.806" errors="0" timestamp="11 mar. 2021 15:14:47 GMT" skipped="0">
  <testcase classname="test.Tests_NotaCreditoAfectaInafecta" name="Script_0066" time="112.806"/>
</testsuite> <!-- test.Tests_NotaCreditoAfectaInafecta -->
