<?xml version="1.0" encoding="UTF-8"?>
<!-- Generated by org.testng.reporters.JUnitReportReporter -->
<testsuite hostname="VERITY-98" failures="0" tests="1" name="test.Tests_BoletaAfectaInafecta" time="140.310" errors="0" timestamp="09 mar. 2021 16:06:54 GMT" skipped="0">
  <testcase classname="test.Tests_BoletaAfectaInafecta" name="Script_0054" time="140.310"/>
</testsuite> <!-- test.Tests_BoletaAfectaInafecta -->
