<?xml version="1.0" encoding="UTF-8"?>
<!-- Generated by org.testng.reporters.JUnitReportReporter -->
<testsuite skipped="0" hostname="VERITY-98" name="test.Tests" tests="9" failures="0" timestamp="09 feb 2021 21:16:24 GMT" time="884.672" errors="0">
  <testcase name="PruebaDos" time="66.211" classname="test.Tests"/>
  <testcase name="PruebaTres" time="210.004" classname="test.Tests"/>
  <testcase name="PruebaCuatro" time="65.003" classname="test.Tests"/>
  <testcase name="PruebaUno" time="64.990" classname="test.Tests"/>
  <testcase name="PruebaNueve" time="71.440" classname="test.Tests"/>
  <testcase name="PruebaSiete" time="65.965" classname="test.Tests"/>
  <testcase name="PruebaOcho" time="64.736" classname="test.Tests"/>
  <testcase name="PruebaSeis" time="210.466" classname="test.Tests"/>
  <testcase name="PruebaCinco" time="65.857" classname="test.Tests"/>
</testsuite> <!-- test.Tests -->
