<?xml version="1.0" encoding="UTF-8"?>
<!-- Generated by org.testng.reporters.JUnitReportReporter -->
<testsuite skipped="0" hostname="VERITY-98" name="test.Tests_FacturaAfectaGratuita" tests="7" failures="0" timestamp="11 feb 2021 12:48:58 GMT" time="501.777" errors="0">
  <testcase name="PruebaVeintiSeis" time="113.214" classname="test.Tests_FacturaAfectaGratuita"/>
  <testcase name="PruebaTreinta" time="60.522" classname="test.Tests_FacturaAfectaGratuita"/>
  <testcase name="PruebaVeintiOcho" time="61.016" classname="test.Tests_FacturaAfectaGratuita"/>
  <testcase name="PruebaTreintayDos" time="68.208" classname="test.Tests_FacturaAfectaGratuita"/>
  <testcase name="PruebaVeintiSiete" time="81.481" classname="test.Tests_FacturaAfectaGratuita"/>
  <testcase name="PruebaVeintiNueve" time="57.083" classname="test.Tests_FacturaAfectaGratuita"/>
  <testcase name="PruebaTreintayUno" time="60.253" classname="test.Tests_FacturaAfectaGratuita"/>
</testsuite> <!-- test.Tests_FacturaAfectaGratuita -->
